2026-01-17 03:55:17,550 - INFO - Connecting to 149.154.167.51:443/TcpFull...
2026-01-17 03:55:19,142 - INFO - Connection to 149.154.167.51:443/TcpFull complete!
2026-01-17 03:55:19,722 - INFO - Phone migrated to 4
2026-01-17 03:55:19,830 - INFO - Reconnecting to new data center 4
2026-01-17 03:55:19,955 - INFO - Disconnecting from 149.154.167.51:443/TcpFull...
2026-01-17 03:55:19,957 - INFO - Disconnection from 149.154.167.51:443/TcpFull complete!
2026-01-17 03:55:19,958 - INFO - Connecting to 149.154.167.92:443/TcpFull...
2026-01-17 03:55:21,835 - INFO - Connection to 149.154.167.92:443/TcpFull complete!
2026-01-17 03:55:58,499 - INFO - Starting scrape for @lobelia4cosmetics...
2026-01-17 03:55:58,500 - INFO - Starting scrape for @tikvahpharma...
2026-01-17 03:55:58,501 - INFO - Starting scrape for @CheMed123...
2026-01-17 03:55:58,922 - INFO - Starting direct file download in chunks of 131072 at 0, stride 131072
2026-01-17 03:55:59,090 - INFO - Starting direct file download in chunks of 131072 at 0, stride 131072
2026-01-17 03:55:59,413 - INFO - Starting direct file download in chunks of 131072 at 0, stride 131072
2026-01-17 03:56:00,044 - INFO - Starting direct file download in chunks of 131072 at 0, stride 131072
2026-01-17 03:56:00,576 - INFO - Starting direct file download in chunks of 131072 at 0, stride 131072
2026-01-17 03:56:00,972 - INFO - Starting direct file download in chunks of 131072 at 0, stride 131072
2026-01-17 03:56:01,628 - INFO - Starting direct file download in chunks of 131072 at 0, stride 131072
2026-01-17 03:56:04,258 - INFO - Starting direct file download in chunks of 131072 at 0, stride 131072
2026-01-17 03:56:04,330 - INFO - Starting direct file download in chunks of 131072 at 0, stride 131072
2026-01-17 03:56:04,501 - INFO - Starting direct file download in chunks of 131072 at 0, stride 131072
2026-01-17 03:56:04,704 - INFO - Starting direct file download in chunks of 131072 at 0, stride 131072
2026-01-17 03:56:05,511 - INFO - Starting direct file download in chunks of 131072 at 0, stride 131072
2026-01-17 03:56:05,720 - INFO - Starting direct file download in chunks of 131072 at 0, stride 131072
2026-01-17 03:56:06,196 - INFO - Starting direct file download in chunks of 131072 at 0, stride 131072
2026-01-17 03:56:06,902 - INFO - Starting direct file download in chunks of 131072 at 0, stride 131072
2026-01-17 03:56:07,501 - INFO - Starting direct file download in chunks of 131072 at 0, stride 131072
2026-01-17 03:56:08,189 - INFO - Starting direct file download in chunks of 131072 at 0, stride 131072
2026-01-17 03:56:09,865 - INFO - Starting direct file download in chunks of 131072 at 0, stride 131072
2026-01-17 03:56:10,777 - INFO - Starting direct file download in chunks of 131072 at 0, stride 131072
2026-01-17 03:56:11,432 - INFO - Starting direct file download in chunks of 131072 at 0, stride 131072
2026-01-17 03:56:12,298 - INFO - Starting direct file download in chunks of 131072 at 0, stride 131072
2026-01-17 03:56:14,495 - INFO - Starting direct file download in chunks of 131072 at 0, stride 131072
2026-01-17 03:56:14,642 - INFO - Starting direct file download in chunks of 131072 at 0, stride 131072
2026-01-17 03:56:14,795 - INFO - Starting direct file download in chunks of 131072 at 0, stride 131072
2026-01-17 03:56:15,984 - INFO - Starting direct file download in chunks of 131072 at 0, stride 131072
2026-01-17 03:56:16,711 - INFO - Starting direct file download in chunks of 131072 at 0, stride 131072
2026-01-17 03:56:17,146 - INFO - Starting direct file download in chunks of 131072 at 0, stride 131072
2026-01-17 03:56:17,945 - INFO - Starting direct file download in chunks of 131072 at 0, stride 131072
2026-01-17 03:56:20,767 - INFO - Starting direct file download in chunks of 131072 at 0, stride 131072
2026-01-17 03:56:21,210 - INFO - Starting direct file download in chunks of 131072 at 0, stride 131072
2026-01-17 03:56:21,237 - INFO - Starting direct file download in chunks of 131072 at 0, stride 131072
2026-01-17 03:56:22,116 - INFO - Starting direct file download in chunks of 131072 at 0, stride 131072
2026-01-17 03:56:24,149 - INFO - Starting direct file download in chunks of 131072 at 0, stride 131072
2026-01-17 03:56:24,411 - INFO - Starting direct file download in chunks of 131072 at 0, stride 131072
2026-01-17 03:56:24,937 - INFO - Starting direct file download in chunks of 131072 at 0, stride 131072
2026-01-17 03:56:25,155 - INFO - Starting direct file download in chunks of 131072 at 0, stride 131072
2026-01-17 03:56:27,313 - INFO - Starting direct file download in chunks of 131072 at 0, stride 131072
2026-01-17 03:56:27,395 - INFO - Starting direct file download in chunks of 131072 at 0, stride 131072
2026-01-17 03:56:27,504 - INFO - Starting direct file download in chunks of 131072 at 0, stride 131072
2026-01-17 03:56:28,683 - INFO - Starting direct file download in chunks of 131072 at 0, stride 131072
2026-01-17 03:56:30,200 - INFO - Starting direct file download in chunks of 131072 at 0, stride 131072
2026-01-17 03:56:31,355 - INFO - Starting direct file download in chunks of 131072 at 0, stride 131072
2026-01-17 03:56:31,490 - INFO - Starting direct file download in chunks of 131072 at 0, stride 131072
2026-01-17 03:56:31,691 - INFO - Starting direct file download in chunks of 131072 at 0, stride 131072
2026-01-17 03:56:32,024 - INFO - Starting direct file download in chunks of 131072 at 0, stride 131072
2026-01-17 03:56:32,625 - INFO - Starting direct file download in chunks of 131072 at 0, stride 131072
2026-01-17 03:56:32,832 - INFO - Starting direct file download in chunks of 131072 at 0, stride 131072
2026-01-17 03:56:33,034 - INFO - Starting direct file download in chunks of 131072 at 0, stride 131072
2026-01-17 03:56:33,695 - INFO - Starting direct file download in chunks of 131072 at 0, stride 131072
2026-01-17 03:56:35,534 - INFO - Starting direct file download in chunks of 131072 at 0, stride 131072
2026-01-17 03:56:37,176 - INFO - Successfully scraped 50 messages from @tikvahpharma
2026-01-17 03:56:37,968 - INFO - Starting direct file download in chunks of 131072 at 0, stride 131072
2026-01-17 03:56:38,213 - INFO - Starting direct file download in chunks of 131072 at 0, stride 131072
2026-01-17 03:56:38,867 - INFO - Starting direct file download in chunks of 131072 at 0, stride 131072
2026-01-17 03:56:39,665 - INFO - Starting direct file download in chunks of 131072 at 0, stride 131072
2026-01-17 03:56:39,810 - INFO - Starting direct file download in chunks of 131072 at 0, stride 131072
2026-01-17 03:56:40,887 - INFO - Starting direct file download in chunks of 131072 at 0, stride 131072
2026-01-17 03:56:41,280 - INFO - Starting direct file download in chunks of 131072 at 0, stride 131072
2026-01-17 03:56:41,515 - INFO - Starting direct file download in chunks of 131072 at 0, stride 131072
2026-01-17 03:56:43,497 - INFO - Starting direct file download in chunks of 131072 at 0, stride 131072
2026-01-17 03:56:43,821 - INFO - Starting direct file download in chunks of 131072 at 0, stride 131072
2026-01-17 03:56:44,704 - INFO - Starting direct file download in chunks of 131072 at 0, stride 131072
2026-01-17 03:56:46,111 - INFO - Starting direct file download in chunks of 131072 at 0, stride 131072
2026-01-17 03:56:46,334 - INFO - Starting direct file download in chunks of 131072 at 0, stride 131072
2026-01-17 03:56:47,744 - INFO - Starting direct file download in chunks of 131072 at 0, stride 131072
2026-01-17 03:56:49,402 - INFO - Starting direct file download in chunks of 131072 at 0, stride 131072
2026-01-17 03:56:49,613 - INFO - Starting direct file download in chunks of 131072 at 0, stride 131072
2026-01-17 03:56:51,279 - INFO - Starting direct file download in chunks of 131072 at 0, stride 131072
2026-01-17 03:56:51,354 - INFO - Starting direct file download in chunks of 131072 at 0, stride 131072
2026-01-17 03:56:51,535 - INFO - Starting direct file download in chunks of 131072 at 0, stride 131072
2026-01-17 03:56:52,184 - INFO - Starting direct file download in chunks of 131072 at 0, stride 131072
2026-01-17 03:56:53,001 - INFO - Starting direct file download in chunks of 131072 at 0, stride 131072
2026-01-17 03:56:54,285 - INFO - Starting direct file download in chunks of 131072 at 0, stride 131072
2026-01-17 03:56:54,329 - INFO - Starting direct file download in chunks of 131072 at 0, stride 131072
2026-01-17 03:56:54,835 - INFO - Starting direct file download in chunks of 131072 at 0, stride 131072
2026-01-17 03:56:56,171 - INFO - Starting direct file download in chunks of 131072 at 0, stride 131072
2026-01-17 03:56:56,294 - INFO - Starting direct file download in chunks of 131072 at 0, stride 131072
2026-01-17 03:56:56,929 - INFO - Starting direct file download in chunks of 131072 at 0, stride 131072
2026-01-17 03:56:57,726 - INFO - Starting direct file download in chunks of 131072 at 0, stride 131072
2026-01-17 03:56:59,499 - INFO - Starting direct file download in chunks of 131072 at 0, stride 131072
2026-01-17 03:56:59,652 - INFO - Starting direct file download in chunks of 131072 at 0, stride 131072
2026-01-17 03:57:00,292 - INFO - Starting direct file download in chunks of 131072 at 0, stride 131072
2026-01-17 03:57:02,241 - INFO - Starting direct file download in chunks of 131072 at 0, stride 131072
2026-01-17 03:57:02,916 - INFO - Starting direct file download in chunks of 131072 at 0, stride 131072
2026-01-17 03:57:03,691 - INFO - Starting direct file download in chunks of 131072 at 0, stride 131072
2026-01-17 03:57:04,286 - INFO - Starting direct file download in chunks of 131072 at 0, stride 131072
2026-01-17 03:57:05,017 - INFO - Starting direct file download in chunks of 131072 at 0, stride 131072
2026-01-17 03:57:05,639 - INFO - Starting direct file download in chunks of 131072 at 0, stride 131072
2026-01-17 03:57:05,957 - INFO - Starting direct file download in chunks of 131072 at 0, stride 131072
2026-01-17 03:57:07,192 - INFO - Starting direct file download in chunks of 131072 at 0, stride 131072
2026-01-17 03:57:07,827 - INFO - Starting direct file download in chunks of 131072 at 0, stride 131072
2026-01-17 03:57:08,352 - INFO - Starting direct file download in chunks of 131072 at 0, stride 131072
2026-01-17 03:57:09,703 - INFO - Starting direct file download in chunks of 131072 at 0, stride 131072
2026-01-17 03:57:09,936 - INFO - Starting direct file download in chunks of 131072 at 0, stride 131072
2026-01-17 03:57:10,425 - INFO - Starting direct file download in chunks of 131072 at 0, stride 131072
2026-01-17 03:57:11,174 - INFO - Starting direct file download in chunks of 131072 at 0, stride 131072
2026-01-17 03:57:12,897 - INFO - Starting direct file download in chunks of 131072 at 0, stride 131072
2026-01-17 03:57:12,990 - INFO - Starting direct file download in chunks of 131072 at 0, stride 131072
2026-01-17 03:57:14,077 - INFO - Starting direct file download in chunks of 131072 at 0, stride 131072
2026-01-17 03:57:14,084 - INFO - Starting direct file download in chunks of 131072 at 0, stride 131072
2026-01-17 03:57:14,544 - INFO - Successfully scraped 50 messages from @lobelia4cosmetics
2026-01-17 03:57:15,178 - INFO - Starting direct file download in chunks of 131072 at 0, stride 131072
2026-01-17 03:57:15,900 - INFO - Starting direct file download in chunks of 131072 at 0, stride 131072
2026-01-17 03:57:16,607 - INFO - Starting direct file download in chunks of 131072 at 0, stride 131072
2026-01-17 03:57:18,238 - INFO - Starting direct file download in chunks of 131072 at 0, stride 131072
2026-01-17 03:57:19,069 - INFO - Starting direct file download in chunks of 131072 at 0, stride 131072
2026-01-17 03:57:19,950 - INFO - Starting direct file download in chunks of 131072 at 0, stride 131072
2026-01-17 03:57:20,679 - INFO - Starting direct file download in chunks of 131072 at 0, stride 131072
2026-01-17 03:57:21,731 - INFO - Starting direct file download in chunks of 131072 at 0, stride 131072
2026-01-17 03:57:23,042 - INFO - Starting direct file download in chunks of 131072 at 0, stride 131072
2026-01-17 03:57:23,851 - INFO - Starting direct file download in chunks of 131072 at 0, stride 131072
2026-01-17 03:57:24,546 - INFO - Starting direct file download in chunks of 131072 at 0, stride 131072
2026-01-17 03:57:25,344 - INFO - Starting direct file download in chunks of 131072 at 0, stride 131072
2026-01-17 03:57:26,030 - INFO - Starting direct file download in chunks of 131072 at 0, stride 131072
2026-01-17 03:57:27,175 - INFO - Successfully scraped 50 messages from @CheMed123
